<?xml version="1.0" encoding="UTF-8"?>
<testsuite xmlns:xsi="http://www.w3.org/2001/XMLSchema-instance" xsi:noNamespaceSchemaLocation="https://maven.apache.org/surefire/maven-surefire-plugin/xsd/surefire-test-report-3.0.xsd" version="3.0" name="TestSuite" time="16.284" tests="2" errors="0" skipped="0" failures="0">
  <properties>
[...]
</properties>
  <testcase name="verifyOrderSummary" classname="com.SwagLabs.TestPage.OverviewPageTest" time="0.061">
    <system-out><![CDATA[Log:Swaglabs application open!
********Login Functionality**********
Application Title is :Swag Labs
Application Url :https://www.saucedemo.com/
User Login Completed!
Log:User Login is completed!
*********Inventory Page************
Total Product count6
Log:Total Product count is calculated !
********Product Lables**********
Sauce Labs Backpack
Sauce Labs Bike Light
Sauce Labs Bolt T-Shirt
Sauce Labs Fleece Jacket
Sauce Labs Onesie
Test.allTheThings() T-Shirt (Red)
Sauce Labs Bolt T-ShirtProduct added to Cart!
Log:Product added into cart
********Add To Card Page*********
**********Checkout Page**********
User details are entered
***********Overview Page**********
Log:Order completed!
Product order details are :
QTYDescription
1
Sauce Labs Bolt T-Shirt
Get your testing superhero on with the Sauce Labs bolt T-shirt. From American Apparel, 100% ringspun combed cotton, heather gray with red bolt.
$15.99
Payment Information
SauceCard #31337
Shipping Information
Free Pony Express Delivery!
Price Total
Item total: $15.99
Tax: $1.28
Total: $17.27
Cancel
Finish
]]></system-out>
    <system-err><![CDATA[Nov 28, 2023 10:14:48 AM org.openqa.selenium.devtools.CdpVersionFinder findNearestMatch
WARNING: Unable to find an exact match for CDP version 119, returning the closest version; found: 118; Please update to a Selenium version that supports CDP version 119
]]></system-err>
  </testcase>
  <testcase name="verifyCompleteOrder" classname="com.SwagLabs.TestPage.OverviewPageTest" time="0.346">
    <system-out><![CDATA[Final result :Thank you for your order!
]]></system-out>
  </testcase>
</testsuite>