<?xml version="1.0" encoding="UTF-8"?>
<testng-results ignored="0" total="2" passed="2" failed="0" skipped="0">
  <reporter-output>
    <line>
      <![CDATA[Log:WebDriver session is created]]>
    </line>
    <line>
      <![CDATA[Log:Swaglabs application open!]]>
    </line>
    <line>
      <![CDATA[Log:User Login is completed!]]>
    </line>
    <line>
      <![CDATA[Log:Total Product count is calculated !]]>
    </line>
    <line>
      <![CDATA[Log:Product added into cart]]>
    </line>
    <line>
      <![CDATA[Log:Order completed!]]>
    </line>
  </reporter-output>
  <suite started-at="2023-11-14T17:04:21 IST" name="Suite" finished-at="2023-11-14T17:04:41 IST" duration-ms="20051">
    <groups>
    </groups>
    <test started-at="2023-11-14T17:04:21 IST" name="Test" finished-at="2023-11-14T17:04:41 IST" duration-ms="20051">
      <class name="com.SwagLabs.TestPage.OverviewPageTest">
        <test-method is-config="true" signature="reportSetUp()[pri:0, instance:com.SwagLabs.TestPage.OverviewPageTest@4cc547a]" started-at="2023-11-14T17:04:21 IST" name="reportSetUp" finished-at="2023-11-14T17:04:21 IST" duration-ms="16" status="PASS">
          <reporter-output>
          </reporter-output>
        </test-method> <!-- reportSetUp -->
        <test-method is-config="true" signature="browserSetUp()[pri:0, instance:com.SwagLabs.TestPage.OverviewPageTest@4cc547a]" started-at="2023-11-14T17:04:21 IST" name="browserSetUp" finished-at="2023-11-14T17:04:33 IST" duration-ms="12501" status="PASS">
          <reporter-output>
            <line>
              <![CDATA[Log:WebDriver session is created]]>
            </line>
            <line>
              <![CDATA[Log:Swaglabs application open!]]>
            </line>
          </reporter-output>
        </test-method> <!-- browserSetUp -->
        <test-method is-config="true" signature="pageSetUp()[pri:0, instance:com.SwagLabs.TestPage.OverviewPageTest@4cc547a]" started-at="2023-11-14T17:04:33 IST" name="pageSetUp" finished-at="2023-11-14T17:04:40 IST" duration-ms="6886" status="PASS">
          <reporter-output>
            <line>
              <![CDATA[Log:User Login is completed!]]>
            </line>
            <line>
              <![CDATA[Log:Total Product count is calculated !]]>
            </line>
            <line>
              <![CDATA[Log:Product added into cart]]>
            </line>
            <line>
              <![CDATA[Log:Order completed!]]>
            </line>
          </reporter-output>
        </test-method> <!-- pageSetUp -->
        <test-method signature="verifyOrderSummary()[pri:1, instance:com.SwagLabs.TestPage.OverviewPageTest@4cc547a]" started-at="2023-11-14T17:04:40 IST" name="verifyOrderSummary" finished-at="2023-11-14T17:04:40 IST" duration-ms="46" status="PASS">
          <reporter-output>
          </reporter-output>
        </test-method> <!-- verifyOrderSummary -->
        <test-method signature="verifyCompleteOrder()[pri:2, instance:com.SwagLabs.TestPage.OverviewPageTest@4cc547a]" started-at="2023-11-14T17:04:40 IST" name="verifyCompleteOrder" finished-at="2023-11-14T17:04:40 IST" duration-ms="292" status="PASS">
          <reporter-output>
          </reporter-output>
        </test-method> <!-- verifyCompleteOrder -->
        <test-method is-config="true" signature="tearDown()[pri:0, instance:com.SwagLabs.TestPage.OverviewPageTest@4cc547a]" started-at="2023-11-14T17:04:40 IST" name="tearDown" finished-at="2023-11-14T17:04:41 IST" duration-ms="268" status="PASS">
          <reporter-output>
          </reporter-output>
        </test-method> <!-- tearDown -->
        <test-method is-config="true" signature="exitReport()[pri:0, instance:com.SwagLabs.TestPage.OverviewPageTest@4cc547a]" started-at="2023-11-14T17:04:41 IST" name="exitReport" finished-at="2023-11-14T17:04:42 IST" duration-ms="157" status="PASS">
          <reporter-output>
          </reporter-output>
        </test-method> <!-- exitReport -->
      </class> <!-- com.SwagLabs.TestPage.OverviewPageTest -->
    </test> <!-- Test -->
  </suite> <!-- Suite -->
</testng-results>
